

============================== 2023-11-28 09:59:27.232043 | 89564f80-97fa-4f17-ac43-e9b360acc0ec ==============================
[0m09:59:27.232043 [info ] [MainThread]: Running with dbt=1.3.1
[0m09:59:27.233085 [debug] [MainThread]: running dbt with arguments {'write_json': True, 'use_colors': True, 'printer_width': 80, 'version_check': True, 'partial_parse': True, 'static_parser': True, 'profiles_dir': 'C:\\Users\\ambik\\.dbt', 'send_anonymous_usage_stats': True, 'event_buffer_size': 100000, 'quiet': False, 'no_print': False, 'skip_profile_setup': False, 'which': 'init', 'indirect_selection': 'eager'}
[0m09:59:27.233085 [debug] [MainThread]: Tracking: tracking
[0m09:59:27.250751 [debug] [MainThread]: Sending event: {'category': 'dbt', 'action': 'invocation', 'label': 'start', 'context': [<snowplow_tracker.self_describing_json.SelfDescribingJson object at 0x0000014ECA3EB880>, <snowplow_tracker.self_describing_json.SelfDescribingJson object at 0x0000014ECA3EAB00>, <snowplow_tracker.self_describing_json.SelfDescribingJson object at 0x0000014ECA3EB910>]}
[0m09:59:37.951963 [debug] [MainThread]: Starter project path: C:\ambika\python\lib\site-packages\dbt\include\starter_project
[0m09:59:42.642268 [info ] [MainThread]: 
Your new dbt project "test_project" was created!

For more information on how to configure the profiles.yml file,
please consult the dbt documentation here:

  https://docs.getdbt.com/docs/configure-your-profile

One more thing:

Need help? Don't hesitate to reach out to us via GitHub issues or on Slack:

  https://community.getdbt.com/

Happy modeling!

[0m09:59:42.644768 [debug] [MainThread]: Sending event: {'category': 'dbt', 'action': 'invocation', 'label': 'end', 'context': [<snowplow_tracker.self_describing_json.SelfDescribingJson object at 0x0000014ECA3EB910>, <snowplow_tracker.self_describing_json.SelfDescribingJson object at 0x0000014ECA3E8FD0>, <snowplow_tracker.self_describing_json.SelfDescribingJson object at 0x0000014ECA3E8EB0>]}
[0m09:59:42.644768 [debug] [MainThread]: Flushing usage events


============================== 2023-11-28 10:01:17.458640 | 485be702-359f-44b7-aee4-852d46a24f7f ==============================
[0m10:01:17.458640 [info ] [MainThread]: Running with dbt=1.3.1
[0m10:01:17.460640 [debug] [MainThread]: running dbt with arguments {'write_json': True, 'use_colors': True, 'printer_width': 80, 'version_check': True, 'partial_parse': True, 'static_parser': True, 'profiles_dir': 'C:\\Users\\ambik\\.dbt', 'send_anonymous_usage_stats': True, 'event_buffer_size': 100000, 'quiet': False, 'no_print': False, 'config_dir': False, 'which': 'debug', 'indirect_selection': 'eager'}
[0m10:01:17.461639 [debug] [MainThread]: Tracking: tracking
[0m10:01:17.490195 [debug] [MainThread]: Sending event: {'category': 'dbt', 'action': 'invocation', 'label': 'start', 'context': [<snowplow_tracker.self_describing_json.SelfDescribingJson object at 0x00000206E11EB7C0>, <snowplow_tracker.self_describing_json.SelfDescribingJson object at 0x00000206E11EBCA0>, <snowplow_tracker.self_describing_json.SelfDescribingJson object at 0x00000206E11EBA60>]}
[0m10:01:17.689856 [debug] [MainThread]: None
[0m10:01:17.689856 [debug] [MainThread]: Sending event: {'category': 'dbt', 'action': 'invocation', 'label': 'end', 'context': [<snowplow_tracker.self_describing_json.SelfDescribingJson object at 0x00000206E11EB880>, <snowplow_tracker.self_describing_json.SelfDescribingJson object at 0x00000206E121C100>, <snowplow_tracker.self_describing_json.SelfDescribingJson object at 0x00000206E121F0A0>]}
[0m10:01:17.689856 [debug] [MainThread]: Flushing usage events
[0m10:01:18.677390 [error] [MainThread]: Encountered an error:
No module named 'dbt.contracts.graph.nodes'
[0m10:01:18.692941 [error] [MainThread]: Traceback (most recent call last):
  File "C:\ambika\python\lib\site-packages\dbt\main.py", line 135, in main
    results, succeeded = handle_and_check(args)
  File "C:\ambika\python\lib\site-packages\dbt\main.py", line 198, in handle_and_check
    task, res = run_from_args(parsed)
  File "C:\ambika\python\lib\site-packages\dbt\main.py", line 245, in run_from_args
    results = task.run()
  File "C:\ambika\python\lib\site-packages\dbt\task\debug.py", line 109, in run
    self.test_configuration()
  File "C:\ambika\python\lib\site-packages\dbt\task\debug.py", line 281, in test_configuration
    profile_status = self._load_profile()
  File "C:\ambika\python\lib\site-packages\dbt\task\debug.py", line 252, in _load_profile
    profile: Profile = Profile.render_from_args(self.args, renderer, profile_name)
  File "C:\ambika\python\lib\site-packages\dbt\config\profile.py", line 426, in render_from_args
    return cls.from_raw_profiles(
  File "C:\ambika\python\lib\site-packages\dbt\config\profile.py", line 392, in from_raw_profiles
    return cls.from_raw_profile_info(
  File "C:\ambika\python\lib\site-packages\dbt\config\profile.py", line 346, in from_raw_profile_info
    credentials: Credentials = cls._credentials_from_profile(
  File "C:\ambika\python\lib\site-packages\dbt\config\profile.py", line 179, in _credentials_from_profile
    cls = load_plugin(typename)
  File "C:\ambika\python\lib\site-packages\dbt\adapters\factory.py", line 201, in load_plugin
    return FACTORY.load_plugin(name)
  File "C:\ambika\python\lib\site-packages\dbt\adapters\factory.py", line 56, in load_plugin
    mod: Any = import_module("." + name, "dbt.adapters")
  File "C:\ambika\python\lib\importlib\__init__.py", line 126, in import_module
    return _bootstrap._gcd_import(name[level:], package, level)
  File "<frozen importlib._bootstrap>", line 1050, in _gcd_import
  File "<frozen importlib._bootstrap>", line 1027, in _find_and_load
  File "<frozen importlib._bootstrap>", line 1006, in _find_and_load_unlocked
  File "<frozen importlib._bootstrap>", line 688, in _load_unlocked
  File "<frozen importlib._bootstrap_external>", line 883, in exec_module
  File "<frozen importlib._bootstrap>", line 241, in _call_with_frames_removed
  File "C:\ambika\python\lib\site-packages\dbt\adapters\duckdb\__init__.py", line 2, in <module>
    from dbt.adapters.duckdb.connections import DuckDBConnectionManager  # noqa
  File "C:\ambika\python\lib\site-packages\dbt\adapters\duckdb\connections.py", line 10, in <module>
    from . import environments
  File "C:\ambika\python\lib\site-packages\dbt\adapters\duckdb\environments\__init__.py", line 12, in <module>
    from ..plugins import BasePlugin
  File "C:\ambika\python\lib\site-packages\dbt\adapters\duckdb\plugins\__init__.py", line 9, in <module>
    from ..utils import SourceConfig
  File "C:\ambika\python\lib\site-packages\dbt\adapters\duckdb\utils.py", line 9, in <module>
    from dbt.contracts.graph.nodes import SourceDefinition
ModuleNotFoundError: No module named 'dbt.contracts.graph.nodes'



============================== 2023-11-28 10:05:10.715623 | b2130f10-8e81-4287-b570-30d22cc66b4e ==============================
[0m10:05:10.715623 [info ] [MainThread]: Running with dbt=1.3.1
[0m10:05:10.715623 [debug] [MainThread]: running dbt with arguments {'write_json': True, 'use_colors': True, 'printer_width': 80, 'version_check': True, 'partial_parse': True, 'static_parser': True, 'profiles_dir': 'C:\\Users\\ambik\\.dbt', 'send_anonymous_usage_stats': True, 'event_buffer_size': 100000, 'quiet': False, 'no_print': False, 'config_dir': False, 'which': 'debug', 'indirect_selection': 'eager'}
[0m10:05:10.716605 [debug] [MainThread]: Tracking: tracking
[0m10:05:10.736335 [debug] [MainThread]: Sending event: {'category': 'dbt', 'action': 'invocation', 'label': 'start', 'context': [<snowplow_tracker.self_describing_json.SelfDescribingJson object at 0x00000125BBBFB880>, <snowplow_tracker.self_describing_json.SelfDescribingJson object at 0x00000125BBBFBA00>, <snowplow_tracker.self_describing_json.SelfDescribingJson object at 0x00000125BBBFB9D0>]}
[0m10:05:10.791604 [debug] [MainThread]: None
[0m10:05:10.791604 [debug] [MainThread]: Sending event: {'category': 'dbt', 'action': 'invocation', 'label': 'end', 'context': [<snowplow_tracker.self_describing_json.SelfDescribingJson object at 0x00000125BBBFB940>, <snowplow_tracker.self_describing_json.SelfDescribingJson object at 0x00000125BBC30FD0>, <snowplow_tracker.self_describing_json.SelfDescribingJson object at 0x00000125BBC33130>]}
[0m10:05:10.792905 [debug] [MainThread]: Flushing usage events
[0m10:05:11.784811 [error] [MainThread]: Encountered an error:
No module named 'dbt.contracts.graph.nodes'
[0m10:05:11.787826 [error] [MainThread]: Traceback (most recent call last):
  File "C:\ambika\python\lib\site-packages\dbt\main.py", line 135, in main
    results, succeeded = handle_and_check(args)
  File "C:\ambika\python\lib\site-packages\dbt\main.py", line 198, in handle_and_check
    task, res = run_from_args(parsed)
  File "C:\ambika\python\lib\site-packages\dbt\main.py", line 245, in run_from_args
    results = task.run()
  File "C:\ambika\python\lib\site-packages\dbt\task\debug.py", line 109, in run
    self.test_configuration()
  File "C:\ambika\python\lib\site-packages\dbt\task\debug.py", line 281, in test_configuration
    profile_status = self._load_profile()
  File "C:\ambika\python\lib\site-packages\dbt\task\debug.py", line 252, in _load_profile
    profile: Profile = Profile.render_from_args(self.args, renderer, profile_name)
  File "C:\ambika\python\lib\site-packages\dbt\config\profile.py", line 426, in render_from_args
    return cls.from_raw_profiles(
  File "C:\ambika\python\lib\site-packages\dbt\config\profile.py", line 392, in from_raw_profiles
    return cls.from_raw_profile_info(
  File "C:\ambika\python\lib\site-packages\dbt\config\profile.py", line 346, in from_raw_profile_info
    credentials: Credentials = cls._credentials_from_profile(
  File "C:\ambika\python\lib\site-packages\dbt\config\profile.py", line 179, in _credentials_from_profile
    cls = load_plugin(typename)
  File "C:\ambika\python\lib\site-packages\dbt\adapters\factory.py", line 201, in load_plugin
    return FACTORY.load_plugin(name)
  File "C:\ambika\python\lib\site-packages\dbt\adapters\factory.py", line 56, in load_plugin
    mod: Any = import_module("." + name, "dbt.adapters")
  File "C:\ambika\python\lib\importlib\__init__.py", line 126, in import_module
    return _bootstrap._gcd_import(name[level:], package, level)
  File "<frozen importlib._bootstrap>", line 1050, in _gcd_import
  File "<frozen importlib._bootstrap>", line 1027, in _find_and_load
  File "<frozen importlib._bootstrap>", line 1006, in _find_and_load_unlocked
  File "<frozen importlib._bootstrap>", line 688, in _load_unlocked
  File "<frozen importlib._bootstrap_external>", line 883, in exec_module
  File "<frozen importlib._bootstrap>", line 241, in _call_with_frames_removed
  File "C:\ambika\python\lib\site-packages\dbt\adapters\duckdb\__init__.py", line 2, in <module>
    from dbt.adapters.duckdb.connections import DuckDBConnectionManager  # noqa
  File "C:\ambika\python\lib\site-packages\dbt\adapters\duckdb\connections.py", line 10, in <module>
    from . import environments
  File "C:\ambika\python\lib\site-packages\dbt\adapters\duckdb\environments\__init__.py", line 12, in <module>
    from ..plugins import BasePlugin
  File "C:\ambika\python\lib\site-packages\dbt\adapters\duckdb\plugins\__init__.py", line 9, in <module>
    from ..utils import SourceConfig
  File "C:\ambika\python\lib\site-packages\dbt\adapters\duckdb\utils.py", line 9, in <module>
    from dbt.contracts.graph.nodes import SourceDefinition
ModuleNotFoundError: No module named 'dbt.contracts.graph.nodes'



============================== 2023-11-28 10:07:28.267915 | 68fe1579-4672-4909-8d9f-3cff7f6da547 ==============================
[0m10:07:28.267915 [info ] [MainThread]: Running with dbt=1.3.1
[0m10:07:28.267915 [debug] [MainThread]: running dbt with arguments {'write_json': True, 'use_colors': True, 'printer_width': 80, 'version_check': True, 'partial_parse': True, 'static_parser': True, 'profiles_dir': 'C:\\Users\\ambik\\.dbt', 'send_anonymous_usage_stats': True, 'event_buffer_size': 100000, 'quiet': False, 'no_print': False, 'config_dir': False, 'which': 'debug', 'indirect_selection': 'eager'}
[0m10:07:28.268893 [debug] [MainThread]: Tracking: tracking
[0m10:07:28.286567 [debug] [MainThread]: Sending event: {'category': 'dbt', 'action': 'invocation', 'label': 'start', 'context': [<snowplow_tracker.self_describing_json.SelfDescribingJson object at 0x000001F0C2D3B760>, <snowplow_tracker.self_describing_json.SelfDescribingJson object at 0x000001F0C2D3BE20>, <snowplow_tracker.self_describing_json.SelfDescribingJson object at 0x000001F0C2D3B8B0>]}
[0m10:07:28.328093 [debug] [MainThread]: None
[0m10:07:28.328093 [debug] [MainThread]: Sending event: {'category': 'dbt', 'action': 'invocation', 'label': 'end', 'context': [<snowplow_tracker.self_describing_json.SelfDescribingJson object at 0x000001F0C2D3B820>, <snowplow_tracker.self_describing_json.SelfDescribingJson object at 0x000001F0C2D3BB50>, <snowplow_tracker.self_describing_json.SelfDescribingJson object at 0x000001F0C2D72DA0>]}
[0m10:07:28.329656 [debug] [MainThread]: Flushing usage events
[0m10:07:29.386134 [error] [MainThread]: Encountered an error:
No module named 'dbt.contracts.graph.nodes'
[0m10:07:29.393652 [error] [MainThread]: Traceback (most recent call last):
  File "C:\ambika\python\lib\site-packages\dbt\main.py", line 135, in main
    results, succeeded = handle_and_check(args)
  File "C:\ambika\python\lib\site-packages\dbt\main.py", line 198, in handle_and_check
    task, res = run_from_args(parsed)
  File "C:\ambika\python\lib\site-packages\dbt\main.py", line 245, in run_from_args
    results = task.run()
  File "C:\ambika\python\lib\site-packages\dbt\task\debug.py", line 109, in run
    self.test_configuration()
  File "C:\ambika\python\lib\site-packages\dbt\task\debug.py", line 281, in test_configuration
    profile_status = self._load_profile()
  File "C:\ambika\python\lib\site-packages\dbt\task\debug.py", line 252, in _load_profile
    profile: Profile = Profile.render_from_args(self.args, renderer, profile_name)
  File "C:\ambika\python\lib\site-packages\dbt\config\profile.py", line 426, in render_from_args
    return cls.from_raw_profiles(
  File "C:\ambika\python\lib\site-packages\dbt\config\profile.py", line 392, in from_raw_profiles
    return cls.from_raw_profile_info(
  File "C:\ambika\python\lib\site-packages\dbt\config\profile.py", line 346, in from_raw_profile_info
    credentials: Credentials = cls._credentials_from_profile(
  File "C:\ambika\python\lib\site-packages\dbt\config\profile.py", line 179, in _credentials_from_profile
    cls = load_plugin(typename)
  File "C:\ambika\python\lib\site-packages\dbt\adapters\factory.py", line 201, in load_plugin
    return FACTORY.load_plugin(name)
  File "C:\ambika\python\lib\site-packages\dbt\adapters\factory.py", line 56, in load_plugin
    mod: Any = import_module("." + name, "dbt.adapters")
  File "C:\ambika\python\lib\importlib\__init__.py", line 126, in import_module
    return _bootstrap._gcd_import(name[level:], package, level)
  File "<frozen importlib._bootstrap>", line 1050, in _gcd_import
  File "<frozen importlib._bootstrap>", line 1027, in _find_and_load
  File "<frozen importlib._bootstrap>", line 1006, in _find_and_load_unlocked
  File "<frozen importlib._bootstrap>", line 688, in _load_unlocked
  File "<frozen importlib._bootstrap_external>", line 883, in exec_module
  File "<frozen importlib._bootstrap>", line 241, in _call_with_frames_removed
  File "C:\ambika\python\lib\site-packages\dbt\adapters\duckdb\__init__.py", line 2, in <module>
    from dbt.adapters.duckdb.connections import DuckDBConnectionManager  # noqa
  File "C:\ambika\python\lib\site-packages\dbt\adapters\duckdb\connections.py", line 10, in <module>
    from . import environments
  File "C:\ambika\python\lib\site-packages\dbt\adapters\duckdb\environments\__init__.py", line 12, in <module>
    from ..plugins import BasePlugin
  File "C:\ambika\python\lib\site-packages\dbt\adapters\duckdb\plugins\__init__.py", line 9, in <module>
    from ..utils import SourceConfig
  File "C:\ambika\python\lib\site-packages\dbt\adapters\duckdb\utils.py", line 9, in <module>
    from dbt.contracts.graph.nodes import SourceDefinition
ModuleNotFoundError: No module named 'dbt.contracts.graph.nodes'

